<?xml version="1.0" encoding="UTF-8"?>
<testsuites>
	<testsuite tests="111" failures="6" time="" name="test">
		<properties></properties>
		<testcase classname="test.kube-fluentd-operator" name="kube-fluentd-operator-log-router-4ttpz =&gt; Running" time=""></testcase>
		<testcase classname="test.monitoring" name="alertmanager-main-0 =&gt; Running" time=""></testcase>
		<testcase classname="test.monitoring" name="alertmanager-main-1 =&gt; Running" time=""></testcase>
		<testcase classname="test.monitoring" name="alertmanager-main-2 =&gt; Running" time=""></testcase>
		<testcase classname="test.monitoring" name="grafana-deployment-6b9b7677c9-w4x56 =&gt; Running" time=""></testcase>
		<testcase classname="test.monitoring" name="grafana-operator-8c85c85c8-28pwr =&gt; Running" time=""></testcase>
		<testcase classname="test.monitoring" name="kube-state-metrics-77cbcf4b84-n4d96 =&gt; Running" time=""></testcase>
		<testcase classname="test.monitoring" name="node-exporter-d7b44 =&gt; Running" time=""></testcase>
		<testcase classname="test.monitoring" name="prometheus-adapter-68698bc948-c6k5n =&gt; Running" time=""></testcase>
		<testcase classname="test.monitoring" name="monitoring/prometheus-k8s-0=Pending  " time="">
			<failure message="monitoring/prometheus-k8s-0=Pending  " type=""></failure>
		</testcase>
		<testcase classname="test.monitoring" name="monitoring/prometheus-k8s-1=Pending  " time="">
			<failure message="monitoring/prometheus-k8s-1=Pending  " type=""></failure>
		</testcase>
		<testcase classname="test.monitoring" name="prometheus-operator-59f898494d-24vhx =&gt; Running" time=""></testcase>
		<testcase classname="test.registry-creds" name="registry credentials not configured or disabled" time="">
			<skipped message="registry credentials not configured or disabled"></skipped>
		</testcase>
		<testcase classname="test.gitops-e2e-test" name="flux-memcache-platform-cli-9cbb8774c-97v2j =&gt; Running" time=""></testcase>
		<testcase classname="test.gitops-e2e-test" name="flux-platform-cli-5dd99c6dbd-5w2sp =&gt; Running" time=""></testcase>
		<testcase classname="test.gitops-e2e-test" name="nginx-7b56665dd8-9xg4p =&gt; Running" time=""></testcase>
		<testcase classname="test.gitops-e2e-test" name="nginx-7b56665dd8-dz77n =&gt; Running" time=""></testcase>
		<testcase classname="test.gitops" name="Pods for deployment nginx created successfully" time=""></testcase>
		<testcase classname="test.gitops" name="Service nginx created successfully" time=""></testcase>
		<testcase classname="test.auditing" name="api-server pod found" time=""></testcase>
		<testcase classname="test.auditing" name="api-server pod log size is: 8480&#x9;/var/log/audit&#xA;" time=""></testcase>
		<testcase classname="test.quack" name="quack-75dbc56886-29h66 =&gt; Running" time=""></testcase>
		<testcase classname="test.quack" name="configmap test-configmap in namespace quack-test-8a05f1e4b5ce was successfully updated by quack" time=""></testcase>
		<testcase classname="test.elastic-system" name="elastic-operator-0 =&gt; Running" time=""></testcase>
		<testcase classname="test.harbor" name="[harbor] Expected pods but none running - did you deploy?" time="">
			<failure message="[harbor] Expected pods but none running - did you deploy?" type=""></failure>
		</testcase>
		<testcase classname="test.harbor" name="failed to get harbor client: no running harbor-core pods" time="">
			<failure message="failed to get harbor client: no running harbor-core pods" type=""></failure>
		</testcase>
		<testcase classname="test.prometheus" name="Failed to get targets: server_error: server error: 503" time="">
			<failure message="Failed to get targets: server_error: server error: 503" type=""></failure>
		</testcase>
		<testcase classname="test.vault" name="consul-server-0 =&gt; Running" time=""></testcase>
		<testcase classname="test.vault" name="consul-server-1 =&gt; Running" time=""></testcase>
		<testcase classname="test.vault" name="consul-server-2 =&gt; Running" time=""></testcase>
		<testcase classname="test.vault" name="vault-0 =&gt; Running" time=""></testcase>
		<testcase classname="test.Elasticsearch" name="elastichsearch is not installed or enabled" time="">
			<skipped message="elastichsearch is not installed or enabled"></skipped>
		</testcase>
		<testcase classname="test.kube-system" name="calico-kube-controllers-65b8787765-fn2ts =&gt; Running" time=""></testcase>
		<testcase classname="test.kube-system" name="calico-node-rtj2z =&gt; Running" time=""></testcase>
		<testcase classname="test.kube-system" name="coredns-5d4dd4b4db-9v78x =&gt; Running" time=""></testcase>
		<testcase classname="test.kube-system" name="coredns-5d4dd4b4db-nchv2 =&gt; Running" time=""></testcase>
		<testcase classname="test.kube-system" name="etcd-kind-control-plane =&gt; Running" time=""></testcase>
		<testcase classname="test.kube-system" name="kube-apiserver-kind-control-plane =&gt; Running" time=""></testcase>
		<testcase classname="test.kube-system" name="kube-controller-manager-kind-control-plane =&gt; Running" time=""></testcase>
		<testcase classname="test.kube-system" name="kube-proxy-qmrjj =&gt; Running" time=""></testcase>
		<testcase classname="test.kube-system" name="kube-scheduler-kind-control-plane =&gt; Running" time=""></testcase>
		<testcase classname="test.kube-system" name="kubernetes-dashboard-7d75c474bb-xfm2z =&gt; Running" time=""></testcase>
		<testcase classname="test.kube-system" name="namespace-configuration-operator-6f748b789c-pfbn6 =&gt; Running" time=""></testcase>
		<testcase classname="test.kube-system" name="node-local-dns-ltzt4 =&gt; Running" time=""></testcase>
		<testcase classname="test.kube-system" name="platform-operator-995b7fb78-wqghb =&gt; Running" time=""></testcase>
		<testcase classname="test.local-path-storage" name="local-path-provisioner-5cf74d94c6-25lfh =&gt; Running" time=""></testcase>
		<testcase classname="test.cert-manager" name="cert-manager-67b8bfbfb4-8bnqh =&gt; Running" time=""></testcase>
		<testcase classname="test.cert-manager" name="cert-manager-cainjector-5cc6f8695f-8h7jm =&gt; Running" time=""></testcase>
		<testcase classname="test.cert-manager" name="cert-manager-webhook-c48868f6f-sx7bj =&gt; Running" time=""></testcase>
		<testcase classname="test.ingress-nginx" name="nginx-ingress-controller-jpwpf =&gt; Running" time=""></testcase>
		<testcase classname="test.ingress-nginx" name="oauth2-proxy-888c476b8-krthn =&gt; Running" time=""></testcase>
		<testcase classname="test.minio" name="minio-69f8f4cd59-2w896 =&gt; Running" time=""></testcase>
		<testcase classname="test.ldap" name="apacheds-56c656465d-zw29q =&gt; Running" time=""></testcase>
		<testcase classname="test.minio" name="minio-69f8f4cd59-2w896 =&gt; Running" time=""></testcase>
		<testcase classname="test.minio" name="minio GET /" time=""></testcase>
		<testcase classname="test.thanos" name="Must specify a thanos server under e2e.server in client mode" time="">
			<skipped message="Must specify a thanos server under e2e.server in client mode"></skipped>
		</testcase>
		<testcase classname="test.dex" name="dex-8577b768d5-ldzl2 =&gt; Running" time=""></testcase>
		<testcase classname="test.dex" name="dex-8577b768d5-x2g84 =&gt; Running" time=""></testcase>
		<testcase classname="test.dex" name="dex-8577b768d5-xskzx =&gt; Running" time=""></testcase>
		<testcase classname="test.ldap" name="apacheds-56c656465d-zw29q =&gt; Running" time=""></testcase>
		<testcase classname="test.dex" name="OIDC Authentication flow" time=""></testcase>
		<testcase classname="test.dex" name="dex-8577b768d5-ldzl2 =&gt; Running" time=""></testcase>
		<testcase classname="test.dex" name="dex-8577b768d5-x2g84 =&gt; Running" time=""></testcase>
		<testcase classname="test.dex" name="dex-8577b768d5-xskzx =&gt; Running" time=""></testcase>
		<testcase classname="test.dex" name="OIDC Kubeconfig access" time=""></testcase>
		<testcase classname="test.velero" name="velero-77565ddf45-tlb89 =&gt; Running" time=""></testcase>
		<testcase classname="test.velero" name="Backup backup-20200421-214712 created successfully in 14s" time=""></testcase>
		<testcase classname="test.sealed-secrets" name="sealed-secrets-controller-8dd955b66-27lgk =&gt; Running" time=""></testcase>
		<testcase classname="test.sealed-secrets" name="Secret test-sealed-secrets created in namespace sealed-secrets-test-7a193dfb47e9" time=""></testcase>
		<testcase classname="test.platform-system" name="filebeat-mfqhj =&gt; Running" time=""></testcase>
		<testcase classname="test.platform-system" name="reloader-5c84b96d94-fq6hv =&gt; Running" time=""></testcase>
		<testcase classname="test.configmap-reloader" name="[e2e] configmap-reloader: new secret is available in recreated pods" time=""></testcase>
		<testcase classname="test.opa" name="opa-56d68dd6b-nmp92 =&gt; Running" time=""></testcase>
		<testcase classname="test.deployment-invalid-limit-cpu.yaml" name="deployment-invalid-limit-cpu.yaml rejected as expected" time=""></testcase>
		<testcase classname="test.deployment-invalid-limit-memory.yaml" name="deployment-invalid-limit-memory.yaml rejected as expected" time=""></testcase>
		<testcase classname="test.deployment-invalid-limits.yaml" name="deployment-invalid-limits.yaml rejected as expected" time=""></testcase>
		<testcase classname="test.deployment-invalid-no-tag.yaml" name="deployment-invalid-no-tag.yaml rejected as expected" time=""></testcase>
		<testcase classname="test.deployment-invalid-probes-liveness.yaml" name="deployment-invalid-probes-liveness.yaml rejected as expected" time=""></testcase>
		<testcase classname="test.deployment-invalid-probes-readiness.yaml" name="deployment-invalid-probes-readiness.yaml rejected as expected" time=""></testcase>
		<testcase classname="test.deployment-invalid-registry.yaml" name="deployment-invalid-registry.yaml rejected as expected" time=""></testcase>
		<testcase classname="test.deployment-invalid-requests-cpu.yaml" name="deployment-invalid-requests-cpu.yaml rejected as expected" time=""></testcase>
		<testcase classname="test.deployment-invalid-requests-memory.yaml" name="deployment-invalid-requests-memory.yaml rejected as expected" time=""></testcase>
		<testcase classname="test.deployment-invalid-requests.yaml" name="deployment-invalid-requests.yaml rejected as expected" time=""></testcase>
		<testcase classname="test.deployment-invalid-wrong-tag.yaml" name="deployment-invalid-wrong-tag.yaml rejected as expected" time=""></testcase>
		<testcase classname="test.ingress-invalid-conflict.yaml" name="ingress-invalid-conflict.yaml rejected as expected" time=""></testcase>
		<testcase classname="test.ingress-invalid-not-whitelisted.yaml" name="ingress-invalid-not-whitelisted.yaml rejected as expected" time=""></testcase>
		<testcase classname="test.namespace-invalid-no-company-lables.yaml" name="namespace-invalid-no-company-lables.yaml rejected as expected" time=""></testcase>
		<testcase classname="test.namespace-invalid-wrong-company.yaml" name="namespace-invalid-wrong-company.yaml rejected as expected" time=""></testcase>
		<testcase classname="test.namespace-invalid-wrong-service.yaml" name="namespace-invalid-wrong-service.yaml rejected as expected" time=""></testcase>
		<testcase classname="test.pod-invalid-no-tag.yaml" name="pod-invalid-no-tag.yaml rejected as expected" time=""></testcase>
		<testcase classname="test.pod-invalid-probes.yaml" name="pod-invalid-probes.yaml rejected as expected" time=""></testcase>
		<testcase classname="test.pod-invalid-registry.yaml" name="pod-invalid-registry.yaml rejected as expected" time=""></testcase>
		<testcase classname="test.pod-invalid-wrong-tag.yaml" name="pod-invalid-wrong-tag.yaml rejected as expected" time=""></testcase>
		<testcase classname="test.deployment-valid.yaml" name="deployment-valid.yaml accepted as expected" time=""></testcase>
		<testcase classname="test.ingress-whitelisted.yaml" name="ingress-whitelisted.yaml accepted as expected" time=""></testcase>
		<testcase classname="test.namespace-valid.yaml" name="namespace-valid.yaml accepted as expected" time=""></testcase>
		<testcase classname="test.pod-valid.yaml" name="pod-valid.yaml accepted as expected" time=""></testcase>
		<testcase classname="test.consul" name="set key e2e-test-a6qluc=iwwys8bizr" time=""></testcase>
		<testcase classname="test.consul" name="verified key e2e-test-a6qluc=iwwys8bizr" time=""></testcase>
		<testcase classname="test.consul" name="backed up consul-server-0" time=""></testcase>
		<testcase classname="test.consul" name="set key e2e-test-a6qluc=2jcogpnzjt" time=""></testcase>
		<testcase classname="test.consul" name="found snapshot s3://consul-backups/consul/backups/vault/consul-server/2020-04-21_19-47-49.snapshot" time=""></testcase>
		<testcase classname="test.consul" name="verified key e2e-test-a6qluc=2jcogpnzjt" time=""></testcase>
		<testcase classname="test.consul" name="restored consul-server-0" time=""></testcase>
		<testcase classname="test.consul" name="verified key e2e-test-a6qluc=iwwys8bizr" time=""></testcase>
		<testcase classname="test.consul" name="Successfully ran backup/restore e2e tests" time=""></testcase>
		<testcase classname="test.postgres-operator" name="postgres-harbor-0 =&gt; Running" time=""></testcase>
		<testcase classname="test.postgres-operator" name="postgres-harbor-1 =&gt; Running" time=""></testcase>
		<testcase classname="test.postgres-operator" name="postgres-operator-74b9745bdc-dtfz4 =&gt; Running" time=""></testcase>
		<testcase classname="test.postgres-operator-e2e" name="Cluster postgres-r1j709 deployed" time=""></testcase>
		<testcase classname="test.postgres-operator-e2e" name="Error creating db r1j709-clone: postgres cluster failed to start: Creating" time="">
			<failure message="Error creating db r1j709-clone: postgres cluster failed to start: Creating" type=""></failure>
		</testcase>
	</testsuite>
</testsuites>